Determining if the pthread_create exist failed with the following output:
Change Dir: /home/odroid/ros_catkin_ws/build_isolated/rosserial_arduino/CMakeFiles/CMakeTmp

Run Build Command:"/usr/bin/make" "cmTryCompileExec310977562/fast"
/usr/bin/make -f CMakeFiles/cmTryCompileExec310977562.dir/build.make CMakeFiles/cmTryCompileExec310977562.dir/build
make[1]: Entering directory '/home/odroid/ros_catkin_ws/build_isolated/rosserial_arduino/CMakeFiles/CMakeTmp'
/usr/bin/cmake -E cmake_progress_report /home/odroid/ros_catkin_ws/build_isolated/rosserial_arduino/CMakeFiles/CMakeTmp/CMakeFiles 1
Building C object CMakeFiles/cmTryCompileExec310977562.dir/CheckSymbolExists.c.o
/usr/bin/cc    -o CMakeFiles/cmTryCompileExec310977562.dir/CheckSymbolExists.c.o   -c /home/odroid/ros_catkin_ws/build_isolated/rosserial_arduino/CMakeFiles/CMakeTmp/CheckSymbolExists.c
Linking C executable cmTryCompileExec310977562
/usr/bin/cmake -E cmake_link_script CMakeFiles/cmTryCompileExec310977562.dir/link.txt --verbose=1
/usr/bin/cc       CMakeFiles/cmTryCompileExec310977562.dir/CheckSymbolExists.c.o  -o cmTryCompileExec310977562 -rdynamic 
CMakeFiles/cmTryCompileExec310977562.dir/CheckSymbolExists.c.o: In function `main':
CheckSymbolExists.c:(.text+0xe): undefined reference to `pthread_create'
CheckSymbolExists.c:(.text+0x12): undefined reference to `pthread_create'
collect2: error: ld returned 1 exit status
CMakeFiles/cmTryCompileExec310977562.dir/build.make:88: recipe for target 'cmTryCompileExec310977562' failed
make[1]: *** [cmTryCompileExec310977562] Error 1
make[1]: Leaving directory '/home/odroid/ros_catkin_ws/build_isolated/rosserial_arduino/CMakeFiles/CMakeTmp'
Makefile:118: recipe for target 'cmTryCompileExec310977562/fast' failed
make: *** [cmTryCompileExec310977562/fast] Error 2

File /home/odroid/ros_catkin_ws/build_isolated/rosserial_arduino/CMakeFiles/CMakeTmp/CheckSymbolExists.c:
/* */
#include <pthread.h>

int main(int argc, char** argv)
{
  (void)argv;
#ifndef pthread_create
  return ((int*)(&pthread_create))[argc];
#else
  (void)argc;
  return 0;
#endif
}

Determining if the function pthread_create exists in the pthreads failed with the following output:
Change Dir: /home/odroid/ros_catkin_ws/build_isolated/rosserial_arduino/CMakeFiles/CMakeTmp

Run Build Command:"/usr/bin/make" "cmTryCompileExec1095978010/fast"
/usr/bin/make -f CMakeFiles/cmTryCompileExec1095978010.dir/build.make CMakeFiles/cmTryCompileExec1095978010.dir/build
make[1]: Entering directory '/home/odroid/ros_catkin_ws/build_isolated/rosserial_arduino/CMakeFiles/CMakeTmp'
/usr/bin/cmake -E cmake_progress_report /home/odroid/ros_catkin_ws/build_isolated/rosserial_arduino/CMakeFiles/CMakeTmp/CMakeFiles 1
Building C object CMakeFiles/cmTryCompileExec1095978010.dir/CheckFunctionExists.c.o
/usr/bin/cc   -DCHECK_FUNCTION_EXISTS=pthread_create   -o CMakeFiles/cmTryCompileExec1095978010.dir/CheckFunctionExists.c.o   -c /usr/share/cmake-3.0/Modules/CheckFunctionExists.c
Linking C executable cmTryCompileExec1095978010
/usr/bin/cmake -E cmake_link_script CMakeFiles/cmTryCompileExec1095978010.dir/link.txt --verbose=1
/usr/bin/cc   -DCHECK_FUNCTION_EXISTS=pthread_create    CMakeFiles/cmTryCompileExec1095978010.dir/CheckFunctionExists.c.o  -o cmTryCompileExec1095978010 -rdynamic -lpthreads 
/usr/bin/ld: cannot find -lpthreads
collect2: error: ld returned 1 exit status
CMakeFiles/cmTryCompileExec1095978010.dir/build.make:88: recipe for target 'cmTryCompileExec1095978010' failed
make[1]: *** [cmTryCompileExec1095978010] Error 1
make[1]: Leaving directory '/home/odroid/ros_catkin_ws/build_isolated/rosserial_arduino/CMakeFiles/CMakeTmp'
Makefile:118: recipe for target 'cmTryCompileExec1095978010/fast' failed
make: *** [cmTryCompileExec1095978010/fast] Error 2


