Determining if the pthread_create exist failed with the following output:
Change Dir: /home/odroid/ros_catkin_ws/build_isolated/roscpp/CMakeFiles/CMakeTmp

Run Build Command:"/usr/bin/make" "cmTryCompileExec2325393678/fast"
/usr/bin/make -f CMakeFiles/cmTryCompileExec2325393678.dir/build.make CMakeFiles/cmTryCompileExec2325393678.dir/build
make[1]: Entering directory '/home/odroid/ros_catkin_ws/build_isolated/roscpp/CMakeFiles/CMakeTmp'
/usr/bin/cmake -E cmake_progress_report /home/odroid/ros_catkin_ws/build_isolated/roscpp/CMakeFiles/CMakeTmp/CMakeFiles 1
Building C object CMakeFiles/cmTryCompileExec2325393678.dir/CheckSymbolExists.c.o
/usr/bin/cc    -o CMakeFiles/cmTryCompileExec2325393678.dir/CheckSymbolExists.c.o   -c /home/odroid/ros_catkin_ws/build_isolated/roscpp/CMakeFiles/CMakeTmp/CheckSymbolExists.c
Linking C executable cmTryCompileExec2325393678
/usr/bin/cmake -E cmake_link_script CMakeFiles/cmTryCompileExec2325393678.dir/link.txt --verbose=1
/usr/bin/cc       CMakeFiles/cmTryCompileExec2325393678.dir/CheckSymbolExists.c.o  -o cmTryCompileExec2325393678 -rdynamic 
CMakeFiles/cmTryCompileExec2325393678.dir/CheckSymbolExists.c.o: In function `main':
CheckSymbolExists.c:(.text+0xe): undefined reference to `pthread_create'
CheckSymbolExists.c:(.text+0x12): undefined reference to `pthread_create'
collect2: error: ld returned 1 exit status
CMakeFiles/cmTryCompileExec2325393678.dir/build.make:88: recipe for target 'cmTryCompileExec2325393678' failed
make[1]: *** [cmTryCompileExec2325393678] Error 1
make[1]: Leaving directory '/home/odroid/ros_catkin_ws/build_isolated/roscpp/CMakeFiles/CMakeTmp'
Makefile:118: recipe for target 'cmTryCompileExec2325393678/fast' failed
make: *** [cmTryCompileExec2325393678/fast] Error 2

File /home/odroid/ros_catkin_ws/build_isolated/roscpp/CMakeFiles/CMakeTmp/CheckSymbolExists.c:
/* */
#include <pthread.h>

int main(int argc, char** argv)
{
  (void)argv;
#ifndef pthread_create
  return ((int*)(&pthread_create))[argc];
#else
  (void)argc;
  return 0;
#endif
}

Determining if the function pthread_create exists in the pthreads failed with the following output:
Change Dir: /home/odroid/ros_catkin_ws/build_isolated/roscpp/CMakeFiles/CMakeTmp

Run Build Command:"/usr/bin/make" "cmTryCompileExec3130939599/fast"
/usr/bin/make -f CMakeFiles/cmTryCompileExec3130939599.dir/build.make CMakeFiles/cmTryCompileExec3130939599.dir/build
make[1]: Entering directory '/home/odroid/ros_catkin_ws/build_isolated/roscpp/CMakeFiles/CMakeTmp'
/usr/bin/cmake -E cmake_progress_report /home/odroid/ros_catkin_ws/build_isolated/roscpp/CMakeFiles/CMakeTmp/CMakeFiles 1
Building C object CMakeFiles/cmTryCompileExec3130939599.dir/CheckFunctionExists.c.o
/usr/bin/cc   -DCHECK_FUNCTION_EXISTS=pthread_create   -o CMakeFiles/cmTryCompileExec3130939599.dir/CheckFunctionExists.c.o   -c /usr/share/cmake-3.0/Modules/CheckFunctionExists.c
Linking C executable cmTryCompileExec3130939599
/usr/bin/cmake -E cmake_link_script CMakeFiles/cmTryCompileExec3130939599.dir/link.txt --verbose=1
/usr/bin/cc   -DCHECK_FUNCTION_EXISTS=pthread_create    CMakeFiles/cmTryCompileExec3130939599.dir/CheckFunctionExists.c.o  -o cmTryCompileExec3130939599 -rdynamic -lpthreads 
/usr/bin/ld: cannot find -lpthreads
collect2: error: ld returned 1 exit status
CMakeFiles/cmTryCompileExec3130939599.dir/build.make:88: recipe for target 'cmTryCompileExec3130939599' failed
make[1]: *** [cmTryCompileExec3130939599] Error 1
make[1]: Leaving directory '/home/odroid/ros_catkin_ws/build_isolated/roscpp/CMakeFiles/CMakeTmp'
Makefile:118: recipe for target 'cmTryCompileExec3130939599/fast' failed
make: *** [cmTryCompileExec3130939599/fast] Error 2


Determining if the function trunc exists failed with the following output:
Change Dir: /home/odroid/ros_catkin_ws/build_isolated/roscpp/CMakeFiles/CMakeTmp

Run Build Command:"/usr/bin/make" "cmTryCompileExec3460418677/fast"
/usr/bin/make -f CMakeFiles/cmTryCompileExec3460418677.dir/build.make CMakeFiles/cmTryCompileExec3460418677.dir/build
make[1]: Entering directory '/home/odroid/ros_catkin_ws/build_isolated/roscpp/CMakeFiles/CMakeTmp'
/usr/bin/cmake -E cmake_progress_report /home/odroid/ros_catkin_ws/build_isolated/roscpp/CMakeFiles/CMakeTmp/CMakeFiles 1
Building C object CMakeFiles/cmTryCompileExec3460418677.dir/CheckFunctionExists.c.o
/usr/bin/cc   -DCHECK_FUNCTION_EXISTS=trunc   -o CMakeFiles/cmTryCompileExec3460418677.dir/CheckFunctionExists.c.o   -c /usr/share/cmake-3.0/Modules/CheckFunctionExists.c
<command-line>:0:23: warning: conflicting types for built-in function 'trunc'
/usr/share/cmake-3.0/Modules/CheckFunctionExists.c:3:6: note: in expansion of macro 'CHECK_FUNCTION_EXISTS'
 char CHECK_FUNCTION_EXISTS();
      ^
Linking C executable cmTryCompileExec3460418677
/usr/bin/cmake -E cmake_link_script CMakeFiles/cmTryCompileExec3460418677.dir/link.txt --verbose=1
/usr/bin/cc   -DCHECK_FUNCTION_EXISTS=trunc    CMakeFiles/cmTryCompileExec3460418677.dir/CheckFunctionExists.c.o  -o cmTryCompileExec3460418677 -rdynamic 
CMakeFiles/cmTryCompileExec3460418677.dir/CheckFunctionExists.c.o: In function `main':
CheckFunctionExists.c:(.text+0xa): undefined reference to `trunc'
collect2: error: ld returned 1 exit status
CMakeFiles/cmTryCompileExec3460418677.dir/build.make:88: recipe for target 'cmTryCompileExec3460418677' failed
make[1]: *** [cmTryCompileExec3460418677] Error 1
make[1]: Leaving directory '/home/odroid/ros_catkin_ws/build_isolated/roscpp/CMakeFiles/CMakeTmp'
Makefile:118: recipe for target 'cmTryCompileExec3460418677/fast' failed
make: *** [cmTryCompileExec3460418677/fast] Error 2


