Determining if the pthread_create exist failed with the following output:
Change Dir: /home/odroid/ros_catkin_ws/build_isolated/rosconsole/CMakeFiles/CMakeTmp

Run Build Command:"/usr/bin/make" "cmTryCompileExec4221812760/fast"
/usr/bin/make -f CMakeFiles/cmTryCompileExec4221812760.dir/build.make CMakeFiles/cmTryCompileExec4221812760.dir/build
make[1]: Entering directory '/home/odroid/ros_catkin_ws/build_isolated/rosconsole/CMakeFiles/CMakeTmp'
/usr/bin/cmake -E cmake_progress_report /home/odroid/ros_catkin_ws/build_isolated/rosconsole/CMakeFiles/CMakeTmp/CMakeFiles 1
Building C object CMakeFiles/cmTryCompileExec4221812760.dir/CheckSymbolExists.c.o
/usr/bin/cc    -o CMakeFiles/cmTryCompileExec4221812760.dir/CheckSymbolExists.c.o   -c /home/odroid/ros_catkin_ws/build_isolated/rosconsole/CMakeFiles/CMakeTmp/CheckSymbolExists.c
Linking C executable cmTryCompileExec4221812760
/usr/bin/cmake -E cmake_link_script CMakeFiles/cmTryCompileExec4221812760.dir/link.txt --verbose=1
/usr/bin/cc       CMakeFiles/cmTryCompileExec4221812760.dir/CheckSymbolExists.c.o  -o cmTryCompileExec4221812760 -rdynamic 
CMakeFiles/cmTryCompileExec4221812760.dir/CheckSymbolExists.c.o: In function `main':
CheckSymbolExists.c:(.text+0xe): undefined reference to `pthread_create'
CheckSymbolExists.c:(.text+0x12): undefined reference to `pthread_create'
collect2: error: ld returned 1 exit status
CMakeFiles/cmTryCompileExec4221812760.dir/build.make:88: recipe for target 'cmTryCompileExec4221812760' failed
make[1]: *** [cmTryCompileExec4221812760] Error 1
make[1]: Leaving directory '/home/odroid/ros_catkin_ws/build_isolated/rosconsole/CMakeFiles/CMakeTmp'
Makefile:118: recipe for target 'cmTryCompileExec4221812760/fast' failed
make: *** [cmTryCompileExec4221812760/fast] Error 2

File /home/odroid/ros_catkin_ws/build_isolated/rosconsole/CMakeFiles/CMakeTmp/CheckSymbolExists.c:
/* */
#include <pthread.h>

int main(int argc, char** argv)
{
  (void)argv;
#ifndef pthread_create
  return ((int*)(&pthread_create))[argc];
#else
  (void)argc;
  return 0;
#endif
}

Determining if the function pthread_create exists in the pthreads failed with the following output:
Change Dir: /home/odroid/ros_catkin_ws/build_isolated/rosconsole/CMakeFiles/CMakeTmp

Run Build Command:"/usr/bin/make" "cmTryCompileExec632813362/fast"
/usr/bin/make -f CMakeFiles/cmTryCompileExec632813362.dir/build.make CMakeFiles/cmTryCompileExec632813362.dir/build
make[1]: Entering directory '/home/odroid/ros_catkin_ws/build_isolated/rosconsole/CMakeFiles/CMakeTmp'
/usr/bin/cmake -E cmake_progress_report /home/odroid/ros_catkin_ws/build_isolated/rosconsole/CMakeFiles/CMakeTmp/CMakeFiles 1
Building C object CMakeFiles/cmTryCompileExec632813362.dir/CheckFunctionExists.c.o
/usr/bin/cc   -DCHECK_FUNCTION_EXISTS=pthread_create   -o CMakeFiles/cmTryCompileExec632813362.dir/CheckFunctionExists.c.o   -c /usr/share/cmake-3.0/Modules/CheckFunctionExists.c
Linking C executable cmTryCompileExec632813362
/usr/bin/cmake -E cmake_link_script CMakeFiles/cmTryCompileExec632813362.dir/link.txt --verbose=1
/usr/bin/cc   -DCHECK_FUNCTION_EXISTS=pthread_create    CMakeFiles/cmTryCompileExec632813362.dir/CheckFunctionExists.c.o  -o cmTryCompileExec632813362 -rdynamic -lpthreads 
/usr/bin/ld: cannot find -lpthreads
collect2: error: ld returned 1 exit status
CMakeFiles/cmTryCompileExec632813362.dir/build.make:88: recipe for target 'cmTryCompileExec632813362' failed
make[1]: *** [cmTryCompileExec632813362] Error 1
make[1]: Leaving directory '/home/odroid/ros_catkin_ws/build_isolated/rosconsole/CMakeFiles/CMakeTmp'
Makefile:118: recipe for target 'cmTryCompileExec632813362/fast' failed
make: *** [cmTryCompileExec632813362/fast] Error 2


