Determining if the pthread_create exist failed with the following output:
Change Dir: /home/odroid/ros_catkin_ws/build_isolated/ros/CMakeFiles/CMakeTmp

Run Build Command:"/usr/bin/make" "cmTryCompileExec1872121514/fast"
/usr/bin/make -f CMakeFiles/cmTryCompileExec1872121514.dir/build.make CMakeFiles/cmTryCompileExec1872121514.dir/build
make[1]: Entering directory '/home/odroid/ros_catkin_ws/build_isolated/ros/CMakeFiles/CMakeTmp'
/usr/bin/cmake -E cmake_progress_report /home/odroid/ros_catkin_ws/build_isolated/ros/CMakeFiles/CMakeTmp/CMakeFiles 1
Building C object CMakeFiles/cmTryCompileExec1872121514.dir/CheckSymbolExists.c.o
/usr/bin/cc    -o CMakeFiles/cmTryCompileExec1872121514.dir/CheckSymbolExists.c.o   -c /home/odroid/ros_catkin_ws/build_isolated/ros/CMakeFiles/CMakeTmp/CheckSymbolExists.c
Linking C executable cmTryCompileExec1872121514
/usr/bin/cmake -E cmake_link_script CMakeFiles/cmTryCompileExec1872121514.dir/link.txt --verbose=1
/usr/bin/cc       CMakeFiles/cmTryCompileExec1872121514.dir/CheckSymbolExists.c.o  -o cmTryCompileExec1872121514 -rdynamic 
CMakeFiles/cmTryCompileExec1872121514.dir/CheckSymbolExists.c.o: In function `main':
CheckSymbolExists.c:(.text+0xe): undefined reference to `pthread_create'
CheckSymbolExists.c:(.text+0x12): undefined reference to `pthread_create'
collect2: error: ld returned 1 exit status
CMakeFiles/cmTryCompileExec1872121514.dir/build.make:88: recipe for target 'cmTryCompileExec1872121514' failed
make[1]: *** [cmTryCompileExec1872121514] Error 1
make[1]: Leaving directory '/home/odroid/ros_catkin_ws/build_isolated/ros/CMakeFiles/CMakeTmp'
Makefile:118: recipe for target 'cmTryCompileExec1872121514/fast' failed
make: *** [cmTryCompileExec1872121514/fast] Error 2

File /home/odroid/ros_catkin_ws/build_isolated/ros/CMakeFiles/CMakeTmp/CheckSymbolExists.c:
/* */
#include <pthread.h>

int main(int argc, char** argv)
{
  (void)argv;
#ifndef pthread_create
  return ((int*)(&pthread_create))[argc];
#else
  (void)argc;
  return 0;
#endif
}

Determining if the function pthread_create exists in the pthreads failed with the following output:
Change Dir: /home/odroid/ros_catkin_ws/build_isolated/ros/CMakeFiles/CMakeTmp

Run Build Command:"/usr/bin/make" "cmTryCompileExec2437808031/fast"
/usr/bin/make -f CMakeFiles/cmTryCompileExec2437808031.dir/build.make CMakeFiles/cmTryCompileExec2437808031.dir/build
make[1]: Entering directory '/home/odroid/ros_catkin_ws/build_isolated/ros/CMakeFiles/CMakeTmp'
/usr/bin/cmake -E cmake_progress_report /home/odroid/ros_catkin_ws/build_isolated/ros/CMakeFiles/CMakeTmp/CMakeFiles 1
Building C object CMakeFiles/cmTryCompileExec2437808031.dir/CheckFunctionExists.c.o
/usr/bin/cc   -DCHECK_FUNCTION_EXISTS=pthread_create   -o CMakeFiles/cmTryCompileExec2437808031.dir/CheckFunctionExists.c.o   -c /usr/share/cmake-3.0/Modules/CheckFunctionExists.c
Linking C executable cmTryCompileExec2437808031
/usr/bin/cmake -E cmake_link_script CMakeFiles/cmTryCompileExec2437808031.dir/link.txt --verbose=1
/usr/bin/cc   -DCHECK_FUNCTION_EXISTS=pthread_create    CMakeFiles/cmTryCompileExec2437808031.dir/CheckFunctionExists.c.o  -o cmTryCompileExec2437808031 -rdynamic -lpthreads 
/usr/bin/ld: cannot find -lpthreads
collect2: error: ld returned 1 exit status
CMakeFiles/cmTryCompileExec2437808031.dir/build.make:88: recipe for target 'cmTryCompileExec2437808031' failed
make[1]: *** [cmTryCompileExec2437808031] Error 1
make[1]: Leaving directory '/home/odroid/ros_catkin_ws/build_isolated/ros/CMakeFiles/CMakeTmp'
Makefile:118: recipe for target 'cmTryCompileExec2437808031/fast' failed
make: *** [cmTryCompileExec2437808031/fast] Error 2


